<?xml version="1.0" encoding="UTF-8"?>
<coverage generated="1778520842905" clover="3.2.0">
  <project timestamp="1778520842905" name="All files">
    <metrics statements="98" coveredstatements="53" conditionals="38" coveredconditionals="15" methods="53" coveredmethods="18" elements="189" coveredelements="86" complexity="0" loc="98" ncloc="98" packages="5" files="10" classes="10"/>
    <package name="components.ui">
      <metrics statements="12" coveredstatements="10" conditionals="6" coveredconditionals="5" methods="10" coveredmethods="8"/>
      <file name="button.tsx" path="/home/altair/IdeaProjects/invoice-app/invoice-app-frontend/src/components/ui/button.tsx">
        <metrics statements="3" coveredstatements="3" conditionals="5" coveredconditionals="4" methods="1" coveredmethods="1"/>
        <line num="7" count="1" type="stmt"/>
        <line num="54" count="19" type="cond" truecount="1" falsecount="1"/>
        <line num="56" count="19" type="stmt"/>
      </file>
      <file name="card.tsx" path="/home/altair/IdeaProjects/invoice-app/invoice-app-frontend/src/components/ui/card.tsx">
        <metrics statements="7" coveredstatements="5" conditionals="1" coveredconditionals="1" methods="7" coveredmethods="5"/>
        <line num="10" count="19" type="stmt"/>
        <line num="24" count="19" type="stmt"/>
        <line num="37" count="19" type="stmt"/>
        <line num="50" count="19" type="stmt"/>
        <line num="60" count="0" type="stmt"/>
        <line num="73" count="19" type="stmt"/>
        <line num="83" count="0" type="stmt"/>
      </file>
      <file name="input.tsx" path="/home/altair/IdeaProjects/invoice-app/invoice-app-frontend/src/components/ui/input.tsx">
        <metrics statements="1" coveredstatements="1" conditionals="0" coveredconditionals="0" methods="1" coveredmethods="1"/>
        <line num="6" count="38" type="stmt"/>
      </file>
      <file name="label.tsx" path="/home/altair/IdeaProjects/invoice-app/invoice-app-frontend/src/components/ui/label.tsx">
        <metrics statements="1" coveredstatements="1" conditionals="0" coveredconditionals="0" methods="1" coveredmethods="1"/>
        <line num="10" count="38" type="stmt"/>
      </file>
    </package>
    <package name="lib">
      <metrics statements="1" coveredstatements="1" conditionals="0" coveredconditionals="0" methods="1" coveredmethods="1"/>
      <file name="utils.ts" path="/home/altair/IdeaProjects/invoice-app/invoice-app-frontend/src/lib/utils.ts">
        <metrics statements="1" coveredstatements="1" conditionals="0" coveredconditionals="0" methods="1" coveredmethods="1"/>
        <line num="5" count="190" type="stmt"/>
      </file>
    </package>
    <package name="pages">
      <metrics statements="12" coveredstatements="12" conditionals="6" coveredconditionals="5" methods="2" coveredmethods="2"/>
      <file name="LoginPage.tsx" path="/home/altair/IdeaProjects/invoice-app/invoice-app-frontend/src/pages/LoginPage.tsx">
        <metrics statements="12" coveredstatements="12" conditionals="6" coveredconditionals="5" methods="2" coveredmethods="2"/>
        <line num="14" count="1" type="stmt"/>
        <line num="22" count="19" type="stmt"/>
        <line num="23" count="19" type="stmt"/>
        <line num="24" count="19" type="stmt"/>
        <line num="29" count="19" type="stmt"/>
        <line num="34" count="19" type="stmt"/>
        <line num="35" count="2" type="stmt"/>
        <line num="36" count="2" type="stmt"/>
        <line num="37" count="1" type="stmt"/>
        <line num="38" count="1" type="stmt"/>
        <line num="40" count="1" type="stmt"/>
        <line num="44" count="19" type="stmt"/>
      </file>
    </package>
    <package name="store">
      <metrics statements="68" coveredstatements="25" conditionals="20" coveredconditionals="0" methods="39" coveredmethods="6"/>
      <file name="apiSlice.ts" path="/home/altair/IdeaProjects/invoice-app/invoice-app-frontend/src/store/apiSlice.ts">
        <metrics statements="48" coveredstatements="5" conditionals="20" coveredconditionals="0" methods="34" coveredmethods="1"/>
        <line num="17" count="1" type="stmt"/>
        <line num="20" count="0" type="stmt"/>
        <line num="21" count="0" type="cond" truecount="0" falsecount="2"/>
        <line num="22" count="0" type="stmt"/>
        <line num="24" count="0" type="stmt"/>
        <line num="28" count="1" type="stmt"/>
        <line num="33" count="0" type="stmt"/>
        <line num="35" count="0" type="cond" truecount="0" falsecount="4"/>
        <line num="36" count="0" type="stmt"/>
        <line num="37" count="0" type="stmt"/>
        <line num="39" count="0" type="stmt"/>
        <line num="42" count="1" type="stmt"/>
        <line num="47" count="1" type="stmt"/>
        <line num="49" count="0" type="stmt"/>
        <line num="57" count="0" type="stmt"/>
        <line num="66" count="0" type="stmt"/>
        <line num="68" count="0" type="cond" truecount="0" falsecount="2"/>
        <line num="70" count="0" type="stmt"/>
        <line num="79" count="0" type="stmt"/>
        <line num="80" count="0" type="stmt"/>
        <line num="86" count="0" type="stmt"/>
        <line num="95" count="0" type="stmt"/>
        <line num="100" count="0" type="stmt"/>
        <line num="107" count="0" type="stmt"/>
        <line num="118" count="0" type="stmt"/>
        <line num="123" count="0" type="cond" truecount="0" falsecount="2"/>
        <line num="124" count="0" type="cond" truecount="0" falsecount="2"/>
        <line num="125" count="0" type="stmt"/>
        <line num="128" count="0" type="cond" truecount="0" falsecount="2"/>
        <line num="130" count="0" type="stmt"/>
        <line num="139" count="0" type="stmt"/>
        <line num="140" count="0" type="stmt"/>
        <line num="146" count="0" type="stmt"/>
        <line num="155" count="0" type="stmt"/>
        <line num="160" count="0" type="stmt"/>
        <line num="167" count="0" type="stmt"/>
        <line num="168" count="0" type="stmt"/>
        <line num="175" count="0" type="stmt"/>
        <line num="176" count="0" type="stmt"/>
        <line num="183" count="0" type="stmt"/>
        <line num="184" count="0" type="stmt"/>
        <line num="191" count="0" type="stmt"/>
        <line num="192" count="0" type="stmt"/>
        <line num="198" count="0" type="stmt"/>
        <line num="203" count="0" type="stmt"/>
        <line num="211" count="0" type="stmt"/>
        <line num="213" count="0" type="stmt"/>
        <line num="238" count="1" type="stmt"/>
      </file>
      <file name="authSlice.ts" path="/home/altair/IdeaProjects/invoice-app/invoice-app-frontend/src/store/authSlice.ts">
        <metrics statements="20" coveredstatements="20" conditionals="0" coveredconditionals="0" methods="5" coveredmethods="5"/>
        <line num="11" count="2" type="stmt"/>
        <line num="17" count="2" type="stmt"/>
        <line num="22" count="2" type="stmt"/>
        <line num="23" count="2" type="stmt"/>
        <line num="24" count="2" type="stmt"/>
        <line num="25" count="2" type="stmt"/>
        <line num="26" count="2" type="stmt"/>
        <line num="27" count="2" type="stmt"/>
        <line num="30" count="1" type="stmt"/>
        <line num="31" count="1" type="stmt"/>
        <line num="32" count="1" type="stmt"/>
        <line num="33" count="1" type="stmt"/>
        <line num="34" count="1" type="stmt"/>
        <line num="35" count="1" type="stmt"/>
        <line num="40" count="2" type="stmt"/>
        <line num="41" count="2" type="stmt"/>
        <line num="43" count="2" type="stmt"/>
        <line num="44" count="2" type="stmt"/>
        <line num="48" count="2" type="stmt"/>
        <line num="49" count="2" type="stmt"/>
      </file>
    </package>
    <package name="utils">
      <metrics statements="5" coveredstatements="5" conditionals="6" coveredconditionals="5" methods="1" coveredmethods="1"/>
      <file name="calculations.ts" path="/home/altair/IdeaProjects/invoice-app/invoice-app-frontend/src/utils/calculations.ts">
        <metrics statements="3" coveredstatements="3" conditionals="6" coveredconditionals="5" methods="1" coveredmethods="1"/>
        <line num="1" count="1" type="stmt"/>
        <line num="2" count="5" type="cond" truecount="4" falsecount="0"/>
        <line num="3" count="3" type="cond" truecount="1" falsecount="1"/>
      </file>
      <file name="invoiceStatus.ts" path="/home/altair/IdeaProjects/invoice-app/invoice-app-frontend/src/utils/invoiceStatus.ts">
        <metrics statements="2" coveredstatements="2" conditionals="0" coveredconditionals="0" methods="0" coveredmethods="0"/>
        <line num="3" count="1" type="stmt"/>
        <line num="11" count="1" type="stmt"/>
      </file>
    </package>
  </project>
</coverage>
