{"/home/altair/IdeaProjects/invoice-app/invoice-app-frontend/src/components/ui/button.tsx": {"path":"/home/altair/IdeaProjects/invoice-app/invoice-app-frontend/src/components/ui/button.tsx","statementMap":{"0":{"start":{"line":7,"column":6},"end":{"line":41,"column":null}},"1":{"start":{"line":54,"column":15},"end":{"line":54,"column":null}},"2":{"start":{"line":56,"column":2},"end":{"line":63,"column":null}}},"fnMap":{"0":{"name":"Button","decl":{"start":{"line":44,"column":9},"end":{"line":44,"column":16}},"loc":{"start":{"line":53,"column":5},"end":{"line":63,"column":null}},"line":53}},"branchMap":{"0":{"loc":{"start":{"line":46,"column":2},"end":{"line":46,"column":null}},"type":"default-arg","locations":[{"start":{"line":46,"column":12},"end":{"line":46,"column":null}}],"line":46},"1":{"loc":{"start":{"line":47,"column":2},"end":{"line":47,"column":null}},"type":"default-arg","locations":[{"start":{"line":47,"column":9},"end":{"line":47,"column":null}}],"line":47},"2":{"loc":{"start":{"line":48,"column":2},"end":{"line":48,"column":null}},"type":"default-arg","locations":[{"start":{"line":48,"column":12},"end":{"line":48,"column":null}}],"line":48},"3":{"loc":{"start":{"line":54,"column":15},"end":{"line":54,"column":null}},"type":"cond-expr","locations":[{"start":{"line":54,"column":25},"end":{"line":54,"column":37}},{"start":{"line":54,"column":37},"end":{"line":54,"column":null}}],"line":54}},"s":{"0":1,"1":19,"2":19},"f":{"0":19},"b":{"0":[19],"1":[19],"2":[19],"3":[0,19]},"meta":{"lastBranch":4,"lastFunction":1,"lastStatement":3,"seen":{"s:7:6:41:Infinity":0,"f:44:9:44:16":0,"b:46:12:46:Infinity":0,"b:47:9:47:Infinity":1,"b:48:12:48:Infinity":2,"s:54:15:54:Infinity":1,"b:54:25:54:37:54:37:54:Infinity":3,"s:56:2:63:Infinity":2}}}
,"/home/altair/IdeaProjects/invoice-app/invoice-app-frontend/src/components/ui/card.tsx": {"path":"/home/altair/IdeaProjects/invoice-app/invoice-app-frontend/src/components/ui/card.tsx","statementMap":{"0":{"start":{"line":10,"column":2},"end":{"line":19,"column":null}},"1":{"start":{"line":24,"column":2},"end":{"line":32,"column":null}},"2":{"start":{"line":37,"column":2},"end":{"line":45,"column":null}},"3":{"start":{"line":50,"column":2},"end":{"line":55,"column":null}},"4":{"start":{"line":60,"column":2},"end":{"line":68,"column":null}},"5":{"start":{"line":73,"column":2},"end":{"line":78,"column":null}},"6":{"start":{"line":83,"column":2},"end":{"line":91,"column":null}}},"fnMap":{"0":{"name":"Card","decl":{"start":{"line":5,"column":9},"end":{"line":5,"column":14}},"loc":{"start":{"line":9,"column":62},"end":{"line":19,"column":null}},"line":9},"1":{"name":"CardHeader","decl":{"start":{"line":23,"column":9},"end":{"line":23,"column":20}},"loc":{"start":{"line":23,"column":74},"end":{"line":32,"column":null}},"line":23},"2":{"name":"CardTitle","decl":{"start":{"line":36,"column":9},"end":{"line":36,"column":19}},"loc":{"start":{"line":36,"column":73},"end":{"line":45,"column":null}},"line":36},"3":{"name":"CardDescription","decl":{"start":{"line":49,"column":9},"end":{"line":49,"column":25}},"loc":{"start":{"line":49,"column":79},"end":{"line":55,"column":null}},"line":49},"4":{"name":"CardAction","decl":{"start":{"line":59,"column":9},"end":{"line":59,"column":20}},"loc":{"start":{"line":59,"column":74},"end":{"line":68,"column":null}},"line":59},"5":{"name":"CardContent","decl":{"start":{"line":72,"column":9},"end":{"line":72,"column":21}},"loc":{"start":{"line":72,"column":75},"end":{"line":78,"column":null}},"line":72},"6":{"name":"CardFooter","decl":{"start":{"line":82,"column":9},"end":{"line":82,"column":20}},"loc":{"start":{"line":82,"column":74},"end":{"line":91,"column":null}},"line":82}},"branchMap":{"0":{"loc":{"start":{"line":7,"column":2},"end":{"line":7,"column":null}},"type":"default-arg","locations":[{"start":{"line":7,"column":9},"end":{"line":7,"column":null}}],"line":7}},"s":{"0":19,"1":19,"2":19,"3":19,"4":0,"5":19,"6":0},"f":{"0":19,"1":19,"2":19,"3":19,"4":0,"5":19,"6":0},"b":{"0":[19]},"meta":{"lastBranch":1,"lastFunction":7,"lastStatement":7,"seen":{"f:5:9:5:14":0,"b:7:9:7:Infinity":0,"s:10:2:19:Infinity":0,"f:23:9:23:20":1,"s:24:2:32:Infinity":1,"f:36:9:36:19":2,"s:37:2:45:Infinity":2,"f:49:9:49:25":3,"s:50:2:55:Infinity":3,"f:59:9:59:20":4,"s:60:2:68:Infinity":4,"f:72:9:72:21":5,"s:73:2:78:Infinity":5,"f:82:9:82:20":6,"s:83:2:91:Infinity":6}}}
,"/home/altair/IdeaProjects/invoice-app/invoice-app-frontend/src/components/ui/input.tsx": {"path":"/home/altair/IdeaProjects/invoice-app/invoice-app-frontend/src/components/ui/input.tsx","statementMap":{"0":{"start":{"line":6,"column":2},"end":{"line":15,"column":null}}},"fnMap":{"0":{"name":"Input","decl":{"start":{"line":5,"column":9},"end":{"line":5,"column":15}},"loc":{"start":{"line":5,"column":77},"end":{"line":15,"column":null}},"line":5}},"branchMap":{},"s":{"0":38},"f":{"0":38},"b":{},"meta":{"lastBranch":0,"lastFunction":1,"lastStatement":1,"seen":{"f:5:9:5:15":0,"s:6:2:15:Infinity":0}}}
,"/home/altair/IdeaProjects/invoice-app/invoice-app-frontend/src/components/ui/label.tsx": {"path":"/home/altair/IdeaProjects/invoice-app/invoice-app-frontend/src/components/ui/label.tsx","statementMap":{"0":{"start":{"line":10,"column":2},"end":{"line":18,"column":null}}},"fnMap":{"0":{"name":"Label","decl":{"start":{"line":6,"column":9},"end":{"line":6,"column":15}},"loc":{"start":{"line":9,"column":53},"end":{"line":18,"column":null}},"line":9}},"branchMap":{},"s":{"0":38},"f":{"0":38},"b":{},"meta":{"lastBranch":0,"lastFunction":1,"lastStatement":1,"seen":{"f:6:9:6:15":0,"s:10:2:18:Infinity":0}}}
,"/home/altair/IdeaProjects/invoice-app/invoice-app-frontend/src/lib/utils.ts": {"path":"/home/altair/IdeaProjects/invoice-app/invoice-app-frontend/src/lib/utils.ts","statementMap":{"0":{"start":{"line":5,"column":4},"end":{"line":5,"column":null}}},"fnMap":{"0":{"name":"cn","decl":{"start":{"line":4,"column":16},"end":{"line":4,"column":19}},"loc":{"start":{"line":4,"column":44},"end":{"line":5,"column":null}},"line":4}},"branchMap":{},"s":{"0":190},"f":{"0":190},"b":{},"meta":{"lastBranch":0,"lastFunction":1,"lastStatement":1,"seen":{"f:4:16:4:19":0,"s:5:4:5:Infinity":0}}}
,"/home/altair/IdeaProjects/invoice-app/invoice-app-frontend/src/pages/LoginPage.tsx": {"path":"/home/altair/IdeaProjects/invoice-app/invoice-app-frontend/src/pages/LoginPage.tsx","statementMap":{"0":{"start":{"line":14,"column":20},"end":{"line":17,"column":2}},"1":{"start":{"line":22,"column":10},"end":{"line":22,"column":34}},"2":{"start":{"line":23,"column":10},"end":{"line":23,"column":34}},"3":{"start":{"line":24,"column":19},"end":{"line":24,"column":51}},"4":{"start":{"line":29,"column":20},"end":{"line":32,"column":6}},"5":{"start":{"line":34,"column":21},"end":{"line":40,"column":null}},"6":{"start":{"line":35,"column":8},"end":{"line":40,"column":null}},"7":{"start":{"line":36,"column":27},"end":{"line":36,"column":53}},"8":{"start":{"line":37,"column":12},"end":{"line":37,"column":null}},"9":{"start":{"line":38,"column":12},"end":{"line":38,"column":null}},"10":{"start":{"line":40,"column":12},"end":{"line":40,"column":null}},"11":{"start":{"line":44,"column":4},"end":{"line":99,"column":null}}},"fnMap":{"0":{"name":"LoginPage","decl":{"start":{"line":21,"column":24},"end":{"line":21,"column":36}},"loc":{"start":{"line":21,"column":36},"end":{"line":99,"column":null}},"line":21},"1":{"name":"(anonymous_1)","decl":{"start":{"line":34,"column":21},"end":{"line":34,"column":28}},"loc":{"start":{"line":34,"column":52},"end":{"line":40,"column":null}},"line":34}},"branchMap":{"0":{"loc":{"start":{"line":64,"column":29},"end":{"line":67,"column":null}},"type":"binary-expr","locations":[{"start":{"line":64,"column":29},"end":{"line":64,"column":null}},{"start":{"line":65,"column":32},"end":{"line":67,"column":null}}],"line":64},"1":{"loc":{"start":{"line":79,"column":29},"end":{"line":82,"column":null}},"type":"binary-expr","locations":[{"start":{"line":79,"column":29},"end":{"line":79,"column":null}},{"start":{"line":80,"column":32},"end":{"line":82,"column":null}}],"line":79},"2":{"loc":{"start":{"line":87,"column":29},"end":{"line":87,"column":null}},"type":"cond-expr","locations":[{"start":{"line":87,"column":41},"end":{"line":87,"column":59}},{"start":{"line":87,"column":59},"end":{"line":87,"column":null}}],"line":87}},"s":{"0":1,"1":19,"2":19,"3":19,"4":19,"5":19,"6":2,"7":2,"8":1,"9":1,"10":1,"11":19},"f":{"0":19,"1":2},"b":{"0":[19,2],"1":[19,3],"2":[0,19]},"meta":{"lastBranch":3,"lastFunction":2,"lastStatement":12,"seen":{"s:14:20:17:2":0,"f:21:24:21:36":0,"s:22:10:22:34":1,"s:23:10:23:34":2,"s:24:19:24:51":3,"s:29:20:32:6":4,"s:34:21:40:Infinity":5,"f:34:21:34:28":1,"s:35:8:40:Infinity":6,"s:36:27:36:53":7,"s:37:12:37:Infinity":8,"s:38:12:38:Infinity":9,"s:40:12:40:Infinity":10,"s:44:4:99:Infinity":11,"b:64:29:64:Infinity:65:32:67:Infinity":0,"b:79:29:79:Infinity:80:32:82:Infinity":1,"b:87:41:87:59:87:59:87:Infinity":2}}}
,"/home/altair/IdeaProjects/invoice-app/invoice-app-frontend/src/store/apiSlice.ts": {"path":"/home/altair/IdeaProjects/invoice-app/invoice-app-frontend/src/store/apiSlice.ts","statementMap":{"0":{"start":{"line":17,"column":6},"end":{"line":26,"column":2}},"1":{"start":{"line":20,"column":23},"end":{"line":20,"column":null}},"2":{"start":{"line":21,"column":8},"end":{"line":22,"column":null}},"3":{"start":{"line":22,"column":12},"end":{"line":22,"column":null}},"4":{"start":{"line":24,"column":8},"end":{"line":24,"column":null}},"5":{"start":{"line":28,"column":94},"end":{"line":39,"column":null}},"6":{"start":{"line":33,"column":19},"end":{"line":33,"column":62}},"7":{"start":{"line":35,"column":4},"end":{"line":37,"column":null}},"8":{"start":{"line":36,"column":8},"end":{"line":36,"column":null}},"9":{"start":{"line":37,"column":8},"end":{"line":37,"column":null}},"10":{"start":{"line":39,"column":4},"end":{"line":39,"column":null}},"11":{"start":{"line":42,"column":13},"end":{"line":218,"column":2}},"12":{"start":{"line":47,"column":29},"end":{"line":217,"column":null}},"13":{"start":{"line":49,"column":37},"end":{"line":53,"column":null}},"14":{"start":{"line":57,"column":37},"end":{"line":61,"column":null}},"15":{"start":{"line":66,"column":16},"end":{"line":66,"column":null}},"16":{"start":{"line":68,"column":16},"end":{"line":75,"column":null}},"17":{"start":{"line":70,"column":57},"end":{"line":72,"column":27}},"18":{"start":{"line":79,"column":27},"end":{"line":79,"column":null}},"19":{"start":{"line":80,"column":51},"end":{"line":82,"column":null}},"20":{"start":{"line":86,"column":30},"end":{"line":90,"column":null}},"21":{"start":{"line":95,"column":36},"end":{"line":99,"column":null}},"22":{"start":{"line":100,"column":56},"end":{"line":102,"column":null}},"23":{"start":{"line":107,"column":28},"end":{"line":107,"column":null}},"24":{"start":{"line":118,"column":31},"end":{"line":122,"column":18}},"25":{"start":{"line":123,"column":16},"end":{"line":123,"column":null}},"26":{"start":{"line":123,"column":28},"end":{"line":123,"column":null}},"27":{"start":{"line":124,"column":16},"end":{"line":124,"column":null}},"28":{"start":{"line":124,"column":30},"end":{"line":124,"column":null}},"29":{"start":{"line":125,"column":16},"end":{"line":125,"column":null}},"30":{"start":{"line":128,"column":16},"end":{"line":135,"column":null}},"31":{"start":{"line":130,"column":57},"end":{"line":132,"column":27}},"32":{"start":{"line":139,"column":27},"end":{"line":139,"column":null}},"33":{"start":{"line":140,"column":51},"end":{"line":142,"column":null}},"34":{"start":{"line":146,"column":30},"end":{"line":150,"column":null}},"35":{"start":{"line":155,"column":41},"end":{"line":159,"column":null}},"36":{"start":{"line":160,"column":56},"end":{"line":162,"column":null}},"37":{"start":{"line":167,"column":28},"end":{"line":167,"column":null}},"38":{"start":{"line":168,"column":54},"end":{"line":170,"column":null}},"39":{"start":{"line":175,"column":28},"end":{"line":175,"column":null}},"40":{"start":{"line":176,"column":54},"end":{"line":178,"column":null}},"41":{"start":{"line":183,"column":28},"end":{"line":183,"column":null}},"42":{"start":{"line":184,"column":54},"end":{"line":186,"column":null}},"43":{"start":{"line":191,"column":34},"end":{"line":191,"column":null}},"44":{"start":{"line":192,"column":58},"end":{"line":193,"column":null}},"45":{"start":{"line":198,"column":43},"end":{"line":202,"column":null}},"46":{"start":{"line":203,"column":63},"end":{"line":206,"column":null}},"47":{"start":{"line":211,"column":28},"end":{"line":215,"column":null}},"48":{"start":{"line":213,"column":53},"end":{"line":213,"column":68}},"49":{"start":{"line":238,"column":4},"end":{"line":238,"column":null}}},"fnMap":{"0":{"name":"(anonymous_0)","decl":{"start":{"line":19,"column":4},"end":{"line":19,"column":21}},"loc":{"start":{"line":19,"column":45},"end":{"line":24,"column":null}},"line":19},"1":{"name":"(anonymous_1)","decl":{"start":{"line":28,"column":94},"end":{"line":28,"column":null}},"loc":{"start":{"line":32,"column":5},"end":{"line":39,"column":null}},"line":32},"2":{"name":"(anonymous_2)","decl":{"start":{"line":47,"column":4},"end":{"line":47,"column":16}},"loc":{"start":{"line":47,"column":29},"end":{"line":217,"column":null}},"line":47},"3":{"name":"(anonymous_3)","decl":{"start":{"line":49,"column":12},"end":{"line":49,"column":20}},"loc":{"start":{"line":49,"column":37},"end":{"line":53,"column":null}},"line":49},"4":{"name":"(anonymous_4)","decl":{"start":{"line":57,"column":12},"end":{"line":57,"column":20}},"loc":{"start":{"line":57,"column":37},"end":{"line":61,"column":null}},"line":57},"5":{"name":"(anonymous_5)","decl":{"start":{"line":65,"column":12},"end":{"line":65,"column":20}},"loc":{"start":{"line":66,"column":16},"end":{"line":66,"column":null}},"line":66},"6":{"name":"(anonymous_6)","decl":{"start":{"line":67,"column":12},"end":{"line":67,"column":27}},"loc":{"start":{"line":68,"column":16},"end":{"line":75,"column":null}},"line":68},"7":{"name":"(anonymous_7)","decl":{"start":{"line":70,"column":42},"end":{"line":70,"column":47}},"loc":{"start":{"line":70,"column":57},"end":{"line":72,"column":27}},"line":70},"8":{"name":"(anonymous_8)","decl":{"start":{"line":79,"column":12},"end":{"line":79,"column":20}},"loc":{"start":{"line":79,"column":27},"end":{"line":79,"column":null}},"line":79},"9":{"name":"(anonymous_9)","decl":{"start":{"line":80,"column":12},"end":{"line":80,"column":27}},"loc":{"start":{"line":80,"column":51},"end":{"line":82,"column":null}},"line":80},"10":{"name":"(anonymous_10)","decl":{"start":{"line":86,"column":12},"end":{"line":86,"column":20}},"loc":{"start":{"line":86,"column":30},"end":{"line":90,"column":null}},"line":86},"11":{"name":"(anonymous_11)","decl":{"start":{"line":95,"column":12},"end":{"line":95,"column":20}},"loc":{"start":{"line":95,"column":36},"end":{"line":99,"column":null}},"line":95},"12":{"name":"(anonymous_12)","decl":{"start":{"line":100,"column":12},"end":{"line":100,"column":30}},"loc":{"start":{"line":100,"column":56},"end":{"line":102,"column":null}},"line":100},"13":{"name":"(anonymous_13)","decl":{"start":{"line":107,"column":12},"end":{"line":107,"column":20}},"loc":{"start":{"line":107,"column":28},"end":{"line":107,"column":null}},"line":107},"14":{"name":"(anonymous_14)","decl":{"start":{"line":117,"column":12},"end":{"line":117,"column":20}},"loc":{"start":{"line":117,"column":69},"end":{"line":125,"column":null}},"line":117},"15":{"name":"(anonymous_15)","decl":{"start":{"line":127,"column":12},"end":{"line":127,"column":27}},"loc":{"start":{"line":128,"column":16},"end":{"line":135,"column":null}},"line":128},"16":{"name":"(anonymous_16)","decl":{"start":{"line":130,"column":42},"end":{"line":130,"column":47}},"loc":{"start":{"line":130,"column":57},"end":{"line":132,"column":27}},"line":130},"17":{"name":"(anonymous_17)","decl":{"start":{"line":139,"column":12},"end":{"line":139,"column":20}},"loc":{"start":{"line":139,"column":27},"end":{"line":139,"column":null}},"line":139},"18":{"name":"(anonymous_18)","decl":{"start":{"line":140,"column":12},"end":{"line":140,"column":27}},"loc":{"start":{"line":140,"column":51},"end":{"line":142,"column":null}},"line":140},"19":{"name":"(anonymous_19)","decl":{"start":{"line":146,"column":12},"end":{"line":146,"column":20}},"loc":{"start":{"line":146,"column":30},"end":{"line":150,"column":null}},"line":146},"20":{"name":"(anonymous_20)","decl":{"start":{"line":155,"column":12},"end":{"line":155,"column":20}},"loc":{"start":{"line":155,"column":41},"end":{"line":159,"column":null}},"line":155},"21":{"name":"(anonymous_21)","decl":{"start":{"line":160,"column":12},"end":{"line":160,"column":30}},"loc":{"start":{"line":160,"column":56},"end":{"line":162,"column":null}},"line":160},"22":{"name":"(anonymous_22)","decl":{"start":{"line":167,"column":12},"end":{"line":167,"column":20}},"loc":{"start":{"line":167,"column":28},"end":{"line":167,"column":null}},"line":167},"23":{"name":"(anonymous_23)","decl":{"start":{"line":168,"column":12},"end":{"line":168,"column":30}},"loc":{"start":{"line":168,"column":54},"end":{"line":170,"column":null}},"line":168},"24":{"name":"(anonymous_24)","decl":{"start":{"line":175,"column":12},"end":{"line":175,"column":20}},"loc":{"start":{"line":175,"column":28},"end":{"line":175,"column":null}},"line":175},"25":{"name":"(anonymous_25)","decl":{"start":{"line":176,"column":12},"end":{"line":176,"column":30}},"loc":{"start":{"line":176,"column":54},"end":{"line":178,"column":null}},"line":176},"26":{"name":"(anonymous_26)","decl":{"start":{"line":183,"column":12},"end":{"line":183,"column":20}},"loc":{"start":{"line":183,"column":28},"end":{"line":183,"column":null}},"line":183},"27":{"name":"(anonymous_27)","decl":{"start":{"line":184,"column":12},"end":{"line":184,"column":30}},"loc":{"start":{"line":184,"column":54},"end":{"line":186,"column":null}},"line":184},"28":{"name":"(anonymous_28)","decl":{"start":{"line":191,"column":12},"end":{"line":191,"column":20}},"loc":{"start":{"line":191,"column":34},"end":{"line":191,"column":null}},"line":191},"29":{"name":"(anonymous_29)","decl":{"start":{"line":192,"column":12},"end":{"line":192,"column":27}},"loc":{"start":{"line":192,"column":58},"end":{"line":193,"column":null}},"line":192},"30":{"name":"(anonymous_30)","decl":{"start":{"line":198,"column":12},"end":{"line":198,"column":20}},"loc":{"start":{"line":198,"column":43},"end":{"line":202,"column":null}},"line":198},"31":{"name":"(anonymous_31)","decl":{"start":{"line":203,"column":12},"end":{"line":203,"column":30}},"loc":{"start":{"line":203,"column":63},"end":{"line":206,"column":null}},"line":203},"32":{"name":"(anonymous_32)","decl":{"start":{"line":211,"column":12},"end":{"line":211,"column":20}},"loc":{"start":{"line":211,"column":28},"end":{"line":215,"column":null}},"line":211},"33":{"name":"(anonymous_33)","decl":{"start":{"line":213,"column":33},"end":{"line":213,"column":40}},"loc":{"start":{"line":213,"column":53},"end":{"line":213,"column":68}},"line":213}},"branchMap":{"0":{"loc":{"start":{"line":21,"column":8},"end":{"line":22,"column":null}},"type":"if","locations":[{"start":{"line":21,"column":8},"end":{"line":22,"column":null}},{"start":{},"end":{}}],"line":21},"1":{"loc":{"start":{"line":35,"column":4},"end":{"line":37,"column":null}},"type":"if","locations":[{"start":{"line":35,"column":4},"end":{"line":37,"column":null}},{"start":{},"end":{}}],"line":35},"2":{"loc":{"start":{"line":35,"column":8},"end":{"line":35,"column":53}},"type":"binary-expr","locations":[{"start":{"line":35,"column":8},"end":{"line":35,"column":24}},{"start":{"line":35,"column":24},"end":{"line":35,"column":53}}],"line":35},"3":{"loc":{"start":{"line":65,"column":20},"end":{"line":65,"column":46}},"type":"default-arg","locations":[{"start":{"line":65,"column":44},"end":{"line":65,"column":46}}],"line":65},"4":{"loc":{"start":{"line":65,"column":21},"end":{"line":65,"column":31}},"type":"default-arg","locations":[{"start":{"line":65,"column":28},"end":{"line":65,"column":31}}],"line":65},"5":{"loc":{"start":{"line":65,"column":31},"end":{"line":65,"column":44}},"type":"default-arg","locations":[{"start":{"line":65,"column":38},"end":{"line":65,"column":44}}],"line":65},"6":{"loc":{"start":{"line":68,"column":16},"end":{"line":75,"column":null}},"type":"cond-expr","locations":[{"start":{"line":69,"column":22},"end":{"line":73,"column":null}},{"start":{"line":75,"column":22},"end":{"line":75,"column":null}}],"line":68},"7":{"loc":{"start":{"line":117,"column":20},"end":{"line":117,"column":64}},"type":"default-arg","locations":[{"start":{"line":117,"column":62},"end":{"line":117,"column":64}}],"line":117},"8":{"loc":{"start":{"line":117,"column":21},"end":{"line":117,"column":31}},"type":"default-arg","locations":[{"start":{"line":117,"column":28},"end":{"line":117,"column":31}}],"line":117},"9":{"loc":{"start":{"line":117,"column":31},"end":{"line":117,"column":42}},"type":"default-arg","locations":[{"start":{"line":117,"column":38},"end":{"line":117,"column":42}}],"line":117},"10":{"loc":{"start":{"line":123,"column":16},"end":{"line":123,"column":null}},"type":"if","locations":[{"start":{"line":123,"column":16},"end":{"line":123,"column":null}},{"start":{},"end":{}}],"line":123},"11":{"loc":{"start":{"line":124,"column":16},"end":{"line":124,"column":null}},"type":"if","locations":[{"start":{"line":124,"column":16},"end":{"line":124,"column":null}},{"start":{},"end":{}}],"line":124},"12":{"loc":{"start":{"line":128,"column":16},"end":{"line":135,"column":null}},"type":"cond-expr","locations":[{"start":{"line":129,"column":22},"end":{"line":133,"column":null}},{"start":{"line":135,"column":22},"end":{"line":135,"column":null}}],"line":128}},"s":{"0":1,"1":0,"2":0,"3":0,"4":0,"5":1,"6":0,"7":0,"8":0,"9":0,"10":0,"11":1,"12":1,"13":0,"14":0,"15":0,"16":0,"17":0,"18":0,"19":0,"20":0,"21":0,"22":0,"23":0,"24":0,"25":0,"26":0,"27":0,"28":0,"29":0,"30":0,"31":0,"32":0,"33":0,"34":0,"35":0,"36":0,"37":0,"38":0,"39":0,"40":0,"41":0,"42":0,"43":0,"44":0,"45":0,"46":0,"47":0,"48":0,"49":1},"f":{"0":0,"1":0,"2":1,"3":0,"4":0,"5":0,"6":0,"7":0,"8":0,"9":0,"10":0,"11":0,"12":0,"13":0,"14":0,"15":0,"16":0,"17":0,"18":0,"19":0,"20":0,"21":0,"22":0,"23":0,"24":0,"25":0,"26":0,"27":0,"28":0,"29":0,"30":0,"31":0,"32":0,"33":0},"b":{"0":[0,0],"1":[0,0],"2":[0,0],"3":[0],"4":[0],"5":[0],"6":[0,0],"7":[0],"8":[0],"9":[0],"10":[0,0],"11":[0,0],"12":[0,0]},"meta":{"lastBranch":13,"lastFunction":34,"lastStatement":50,"seen":{"s:17:6:26:2":0,"f:19:4:19:21":0,"s:20:23:20:Infinity":1,"b:21:8:22:Infinity:undefined:undefined:undefined:undefined":0,"s:21:8:22:Infinity":2,"s:22:12:22:Infinity":3,"s:24:8:24:Infinity":4,"s:28:94:39:Infinity":5,"f:28:94:28:Infinity":1,"s:33:19:33:62":6,"b:35:4:37:Infinity:undefined:undefined:undefined:undefined":1,"s:35:4:37:Infinity":7,"b:35:8:35:24:35:24:35:53":2,"s:36:8:36:Infinity":8,"s:37:8:37:Infinity":9,"s:39:4:39:Infinity":10,"s:42:13:218:2":11,"f:47:4:47:16":2,"s:47:29:217:Infinity":12,"f:49:12:49:20":3,"s:49:37:53:Infinity":13,"f:57:12:57:20":4,"s:57:37:61:Infinity":14,"f:65:12:65:20":5,"s:66:16:66:Infinity":15,"b:65:44:65:46":3,"b:65:28:65:31":4,"b:65:38:65:44":5,"f:67:12:67:27":6,"s:68:16:75:Infinity":16,"b:69:22:73:Infinity:75:22:75:Infinity":6,"f:70:42:70:47":7,"s:70:57:72:27":17,"f:79:12:79:20":8,"s:79:27:79:Infinity":18,"f:80:12:80:27":9,"s:80:51:82:Infinity":19,"f:86:12:86:20":10,"s:86:30:90:Infinity":20,"f:95:12:95:20":11,"s:95:36:99:Infinity":21,"f:100:12:100:30":12,"s:100:56:102:Infinity":22,"f:107:12:107:20":13,"s:107:28:107:Infinity":23,"f:117:12:117:20":14,"b:117:62:117:64":7,"b:117:28:117:31":8,"b:117:38:117:42":9,"s:118:31:122:18":24,"b:123:16:123:Infinity:undefined:undefined:undefined:undefined":10,"s:123:16:123:Infinity":25,"s:123:28:123:Infinity":26,"b:124:16:124:Infinity:undefined:undefined:undefined:undefined":11,"s:124:16:124:Infinity":27,"s:124:30:124:Infinity":28,"s:125:16:125:Infinity":29,"f:127:12:127:27":15,"s:128:16:135:Infinity":30,"b:129:22:133:Infinity:135:22:135:Infinity":12,"f:130:42:130:47":16,"s:130:57:132:27":31,"f:139:12:139:20":17,"s:139:27:139:Infinity":32,"f:140:12:140:27":18,"s:140:51:142:Infinity":33,"f:146:12:146:20":19,"s:146:30:150:Infinity":34,"f:155:12:155:20":20,"s:155:41:159:Infinity":35,"f:160:12:160:30":21,"s:160:56:162:Infinity":36,"f:167:12:167:20":22,"s:167:28:167:Infinity":37,"f:168:12:168:30":23,"s:168:54:170:Infinity":38,"f:175:12:175:20":24,"s:175:28:175:Infinity":39,"f:176:12:176:30":25,"s:176:54:178:Infinity":40,"f:183:12:183:20":26,"s:183:28:183:Infinity":41,"f:184:12:184:30":27,"s:184:54:186:Infinity":42,"f:191:12:191:20":28,"s:191:34:191:Infinity":43,"f:192:12:192:27":29,"s:192:58:193:Infinity":44,"f:198:12:198:20":30,"s:198:43:202:Infinity":45,"f:203:12:203:30":31,"s:203:63:206:Infinity":46,"f:211:12:211:20":32,"s:211:28:215:Infinity":47,"f:213:33:213:40":33,"s:213:53:213:68":48,"s:238:4:238:Infinity":49}}}
,"/home/altair/IdeaProjects/invoice-app/invoice-app-frontend/src/store/authSlice.ts": {"path":"/home/altair/IdeaProjects/invoice-app/invoice-app-frontend/src/store/authSlice.ts","statementMap":{"0":{"start":{"line":11,"column":32},"end":{"line":15,"column":null}},"1":{"start":{"line":17,"column":6},"end":{"line":38,"column":2}},"2":{"start":{"line":22,"column":12},"end":{"line":22,"column":null}},"3":{"start":{"line":23,"column":12},"end":{"line":23,"column":null}},"4":{"start":{"line":24,"column":12},"end":{"line":24,"column":null}},"5":{"start":{"line":25,"column":12},"end":{"line":25,"column":null}},"6":{"start":{"line":26,"column":12},"end":{"line":26,"column":null}},"7":{"start":{"line":27,"column":12},"end":{"line":27,"column":null}},"8":{"start":{"line":30,"column":12},"end":{"line":30,"column":null}},"9":{"start":{"line":31,"column":12},"end":{"line":31,"column":null}},"10":{"start":{"line":32,"column":12},"end":{"line":32,"column":null}},"11":{"start":{"line":33,"column":12},"end":{"line":33,"column":null}},"12":{"start":{"line":34,"column":12},"end":{"line":34,"column":null}},"13":{"start":{"line":35,"column":12},"end":{"line":35,"column":null}},"14":{"start":{"line":40,"column":42},"end":{"line":40,"column":null}},"15":{"start":{"line":41,"column":27},"end":{"line":41,"column":null}},"16":{"start":{"line":43,"column":13},"end":{"line":43,"column":null}},"17":{"start":{"line":43,"column":49},"end":{"line":43,"column":null}},"18":{"start":{"line":44,"column":13},"end":{"line":47,"column":null}},"19":{"start":{"line":44,"column":56},"end":{"line":47,"column":null}},"20":{"start":{"line":48,"column":13},"end":{"line":49,"column":null}},"21":{"start":{"line":49,"column":4},"end":{"line":49,"column":null}}},"fnMap":{"0":{"name":"(anonymous_0)","decl":{"start":{"line":21,"column":8},"end":{"line":21,"column":25}},"loc":{"start":{"line":21,"column":72},"end":{"line":27,"column":null}},"line":21},"1":{"name":"(anonymous_1)","decl":{"start":{"line":29,"column":8},"end":{"line":29,"column":17}},"loc":{"start":{"line":29,"column":27},"end":{"line":35,"column":null}},"line":29},"2":{"name":"(anonymous_2)","decl":{"start":{"line":43,"column":13},"end":{"line":43,"column":28}},"loc":{"start":{"line":43,"column":49},"end":{"line":43,"column":null}},"line":43},"3":{"name":"(anonymous_3)","decl":{"start":{"line":44,"column":13},"end":{"line":44,"column":34}},"loc":{"start":{"line":44,"column":56},"end":{"line":47,"column":null}},"line":44},"4":{"name":"(anonymous_4)","decl":{"start":{"line":48,"column":13},"end":{"line":48,"column":38}},"loc":{"start":{"line":49,"column":4},"end":{"line":49,"column":null}},"line":49}},"branchMap":{},"s":{"0":2,"1":2,"2":2,"3":2,"4":2,"5":2,"6":2,"7":2,"8":1,"9":1,"10":1,"11":1,"12":1,"13":1,"14":2,"15":2,"16":2,"17":1,"18":2,"19":1,"20":2,"21":2},"f":{"0":2,"1":1,"2":1,"3":1,"4":2},"b":{},"meta":{"lastBranch":0,"lastFunction":5,"lastStatement":22,"seen":{"s:11:32:15:Infinity":0,"s:17:6:38:2":1,"f:21:8:21:25":0,"s:22:12:22:Infinity":2,"s:23:12:23:Infinity":3,"s:24:12:24:Infinity":4,"s:25:12:25:Infinity":5,"s:26:12:26:Infinity":6,"s:27:12:27:Infinity":7,"f:29:8:29:17":1,"s:30:12:30:Infinity":8,"s:31:12:31:Infinity":9,"s:32:12:32:Infinity":10,"s:33:12:33:Infinity":11,"s:34:12:34:Infinity":12,"s:35:12:35:Infinity":13,"s:40:42:40:Infinity":14,"s:41:27:41:Infinity":15,"s:43:13:43:Infinity":16,"f:43:13:43:28":2,"s:43:49:43:Infinity":17,"s:44:13:47:Infinity":18,"f:44:13:44:34":3,"s:44:56:47:Infinity":19,"s:48:13:49:Infinity":20,"f:48:13:48:38":4,"s:49:4:49:Infinity":21}}}
,"/home/altair/IdeaProjects/invoice-app/invoice-app-frontend/src/utils/calculations.ts": {"path":"/home/altair/IdeaProjects/invoice-app/invoice-app-frontend/src/utils/calculations.ts","statementMap":{"0":{"start":{"line":1,"column":13},"end":{"line":3,"column":null}},"1":{"start":{"line":2,"column":4},"end":{"line":2,"column":null}},"2":{"start":{"line":2,"column":24},"end":{"line":2,"column":null}},"3":{"start":{"line":3,"column":4},"end":{"line":3,"column":null}}},"fnMap":{"0":{"name":"(anonymous_0)","decl":{"start":{"line":1,"column":13},"end":{"line":1,"column":30}},"loc":{"start":{"line":1,"column":87},"end":{"line":3,"column":null}},"line":1}},"branchMap":{"0":{"loc":{"start":{"line":2,"column":4},"end":{"line":2,"column":null}},"type":"if","locations":[{"start":{"line":2,"column":4},"end":{"line":2,"column":null}},{"start":{},"end":{}}],"line":2},"1":{"loc":{"start":{"line":2,"column":8},"end":{"line":2,"column":24}},"type":"binary-expr","locations":[{"start":{"line":2,"column":8},"end":{"line":2,"column":16}},{"start":{"line":2,"column":16},"end":{"line":2,"column":24}}],"line":2},"2":{"loc":{"start":{"line":3,"column":31},"end":{"line":3,"column":null}},"type":"binary-expr","locations":[{"start":{"line":3,"column":31},"end":{"line":3,"column":43}},{"start":{"line":3,"column":43},"end":{"line":3,"column":null}}],"line":3}},"s":{"0":1,"1":5,"2":2,"3":3},"f":{"0":5},"b":{"0":[2,3],"1":[5,4],"2":[3,0]},"meta":{"lastBranch":3,"lastFunction":1,"lastStatement":4,"seen":{"s:1:13:3:Infinity":0,"f:1:13:1:30":0,"b:2:4:2:Infinity:undefined:undefined:undefined:undefined":0,"s:2:4:2:Infinity":1,"b:2:8:2:16:2:16:2:24":1,"s:2:24:2:Infinity":2,"s:3:4:3:Infinity":3,"b:3:31:3:43:3:43:3:Infinity":2}}}
,"/home/altair/IdeaProjects/invoice-app/invoice-app-frontend/src/utils/invoiceStatus.ts": {"path":"/home/altair/IdeaProjects/invoice-app/invoice-app-frontend/src/utils/invoiceStatus.ts","statementMap":{"0":{"start":{"line":3,"column":105},"end":{"line":9,"column":null}},"1":{"start":{"line":11,"column":58},"end":{"line":17,"column":null}}},"fnMap":{},"branchMap":{},"s":{"0":1,"1":1},"f":{},"b":{},"meta":{"lastBranch":0,"lastFunction":0,"lastStatement":2,"seen":{"s:3:105:9:Infinity":0,"s:11:58:17:Infinity":1}}}
}
